2025-12-02T21:15:34.118+03:00  INFO 64080 --- [spring-boot-kotlin-STT] [main] c.S.s.SpringBootKotlinSttApplicationKt   : Starting SpringBootKotlinSttApplicationKt v1.0.0-dev using Java 21.0.4 with PID 64080 (C:\Spring\spring-boot-kotlin-STT\build\classes\kotlin\main started by Netnol in C:\Spring\spring-boot-kotlin-STT)
2025-12-02T21:15:34.123+03:00 DEBUG 64080 --- [spring-boot-kotlin-STT] [main] c.S.s.SpringBootKotlinSttApplicationKt   : Running with Spring Boot v3.5.7, Spring v6.2.12
2025-12-02T21:15:34.124+03:00  INFO 64080 --- [spring-boot-kotlin-STT] [main] c.S.s.SpringBootKotlinSttApplicationKt   : The following 1 profile is active: "dev"
2025-12-02T21:15:34.695+03:00  INFO 64080 --- [spring-boot-kotlin-STT] [main] .s.d.r.c.RepositoryConfigurationDelegate : Bootstrapping Spring Data JPA repositories in DEFAULT mode.
2025-12-02T21:15:34.757+03:00  INFO 64080 --- [spring-boot-kotlin-STT] [main] .s.d.r.c.RepositoryConfigurationDelegate : Finished Spring Data repository scanning in 54 ms. Found 3 JPA repository interfaces.
2025-12-02T21:15:35.132+03:00  INFO 64080 --- [spring-boot-kotlin-STT] [main] o.s.b.w.embedded.tomcat.TomcatWebServer  : Tomcat initialized with port 8080 (http)
2025-12-02T21:15:35.147+03:00  INFO 64080 --- [spring-boot-kotlin-STT] [main] o.apache.catalina.core.StandardService   : Starting service [Tomcat]
2025-12-02T21:15:35.147+03:00  INFO 64080 --- [spring-boot-kotlin-STT] [main] o.apache.catalina.core.StandardEngine    : Starting Servlet engine: [Apache Tomcat/10.1.48]
2025-12-02T21:15:35.202+03:00  INFO 64080 --- [spring-boot-kotlin-STT] [main] o.a.c.c.C.[Tomcat].[localhost].[/]       : Initializing Spring embedded WebApplicationContext
2025-12-02T21:15:35.203+03:00  INFO 64080 --- [spring-boot-kotlin-STT] [main] w.s.c.ServletWebServerApplicationContext : Root WebApplicationContext: initialization completed in 1040 ms
2025-12-02T21:15:35.256+03:00  WARN 64080 --- [spring-boot-kotlin-STT] [main] ConfigServletWebServerApplicationContext : Exception encountered during context initialization - cancelling refresh attempt: org.springframework.beans.factory.BeanCreationException: Error creating bean with name 'entityManagerFactory' defined in class path resource [org/springframework/boot/autoconfigure/orm/jpa/HibernateJpaConfiguration.class]: Failed to initialize dependency 'dataSourceScriptDatabaseInitializer' of LoadTimeWeaverAware bean 'entityManagerFactory': Error creating bean with name 'dataSourceScriptDatabaseInitializer' defined in class path resource [org/springframework/boot/autoconfigure/sql/init/DataSourceInitializationConfiguration.class]: Unsatisfied dependency expressed through method 'dataSourceScriptDatabaseInitializer' parameter 0: Error creating bean with name 'dataSource' defined in class path resource [org/springframework/boot/autoconfigure/jdbc/DataSourceConfiguration$Hikari.class]: Failed to instantiate [com.zaxxer.hikari.HikariDataSource]: Factory method 'dataSource' threw exception with message: Failed to determine a suitable driver class
2025-12-02T21:15:35.257+03:00  INFO 64080 --- [spring-boot-kotlin-STT] [main] o.apache.catalina.core.StandardService   : Stopping service [Tomcat]
2025-12-02T21:15:35.269+03:00  INFO 64080 --- [spring-boot-kotlin-STT] [main] .s.b.a.l.ConditionEvaluationReportLogger : 

Error starting ApplicationContext. To display the condition evaluation report re-run your application with 'debug' enabled.
2025-12-02T21:15:35.285+03:00 ERROR 64080 --- [spring-boot-kotlin-STT] [main] o.s.b.d.LoggingFailureAnalysisReporter   : 

***************************
APPLICATION FAILED TO START
***************************

Description:

Failed to configure a DataSource: 'url' attribute is not specified and no embedded datasource could be configured.

Reason: Failed to determine a suitable driver class


Action:

Consider the following:
	If you want an embedded database (H2, HSQL or Derby), please put it on the classpath.
	If you have database settings to be loaded from a particular profile you may need to activate it (the profiles dev are currently active).

2025-12-02T21:16:06.183+03:00  INFO 9520 --- [spring-boot-kotlin-STT] [main] c.S.s.SpringBootKotlinSttApplicationKt   : Starting SpringBootKotlinSttApplicationKt v1.0.0-dev using Java 21.0.4 with PID 9520 (C:\Spring\spring-boot-kotlin-STT\build\classes\kotlin\main started by Netnol in C:\Spring\spring-boot-kotlin-STT)
2025-12-02T21:16:06.184+03:00 DEBUG 9520 --- [spring-boot-kotlin-STT] [main] c.S.s.SpringBootKotlinSttApplicationKt   : Running with Spring Boot v3.5.7, Spring v6.2.12
2025-12-02T21:16:06.184+03:00  INFO 9520 --- [spring-boot-kotlin-STT] [main] c.S.s.SpringBootKotlinSttApplicationKt   : The following 1 profile is active: "dev"
2025-12-02T21:16:06.686+03:00  INFO 9520 --- [spring-boot-kotlin-STT] [main] .s.d.r.c.RepositoryConfigurationDelegate : Bootstrapping Spring Data JPA repositories in DEFAULT mode.
2025-12-02T21:16:06.740+03:00  INFO 9520 --- [spring-boot-kotlin-STT] [main] .s.d.r.c.RepositoryConfigurationDelegate : Finished Spring Data repository scanning in 44 ms. Found 3 JPA repository interfaces.
2025-12-02T21:16:07.049+03:00  INFO 9520 --- [spring-boot-kotlin-STT] [main] o.s.b.w.embedded.tomcat.TomcatWebServer  : Tomcat initialized with port 8080 (http)
2025-12-02T21:16:07.060+03:00  INFO 9520 --- [spring-boot-kotlin-STT] [main] o.apache.catalina.core.StandardService   : Starting service [Tomcat]
2025-12-02T21:16:07.060+03:00  INFO 9520 --- [spring-boot-kotlin-STT] [main] o.apache.catalina.core.StandardEngine    : Starting Servlet engine: [Apache Tomcat/10.1.48]
2025-12-02T21:16:07.106+03:00  INFO 9520 --- [spring-boot-kotlin-STT] [main] o.a.c.c.C.[Tomcat].[localhost].[/]       : Initializing Spring embedded WebApplicationContext
2025-12-02T21:16:07.107+03:00  INFO 9520 --- [spring-boot-kotlin-STT] [main] w.s.c.ServletWebServerApplicationContext : Root WebApplicationContext: initialization completed in 889 ms
2025-12-02T21:16:07.623+03:00  INFO 9520 --- [spring-boot-kotlin-STT] [main] o.s.o.j.p.SpringPersistenceUnitInfo      : No LoadTimeWeaver setup: ignoring JPA class transformer
2025-12-02T21:16:07.652+03:00  INFO 9520 --- [spring-boot-kotlin-STT] [main] com.zaxxer.hikari.HikariDataSource       : HikariPool-1 - Starting...
2025-12-02T21:16:08.500+03:00  INFO 9520 --- [spring-boot-kotlin-STT] [main] com.zaxxer.hikari.pool.HikariPool        : HikariPool-1 - Added connection org.postgresql.jdbc.PgConnection@ccd000e
2025-12-02T21:16:08.501+03:00  INFO 9520 --- [spring-boot-kotlin-STT] [main] com.zaxxer.hikari.HikariDataSource       : HikariPool-1 - Start completed.
2025-12-02T21:16:10.861+03:00  INFO 9520 --- [spring-boot-kotlin-STT] [main] j.LocalContainerEntityManagerFactoryBean : Initialized JPA EntityManagerFactory for persistence unit 'default'
2025-12-02T21:16:11.393+03:00  INFO 9520 --- [spring-boot-kotlin-STT] [main] o.s.d.j.r.query.QueryEnhancerFactory     : Hibernate is in classpath; If applicable, HQL parser will be used.
2025-12-02T21:16:11.891+03:00  WARN 9520 --- [spring-boot-kotlin-STT] [main] JpaBaseConfiguration$JpaWebConfiguration : spring.jpa.open-in-view is enabled by default. Therefore, database queries may be performed during view rendering. Explicitly configure spring.jpa.open-in-view to disable this warning
2025-12-02T21:16:12.172+03:00  INFO 9520 --- [spring-boot-kotlin-STT] [main] o.s.b.w.embedded.tomcat.TomcatWebServer  : Tomcat started on port 8080 (http) with context path '/'
2025-12-02T21:16:12.177+03:00  INFO 9520 --- [spring-boot-kotlin-STT] [main] c.S.s.SpringBootKotlinSttApplicationKt   : Started SpringBootKotlinSttApplicationKt in 6.351 seconds (process running for 6.761)
2025-12-02T21:16:17.113+03:00  INFO 9520 --- [spring-boot-kotlin-STT] [SpringApplicationShutdownHook] o.s.b.w.e.tomcat.GracefulShutdown        : Commencing graceful shutdown. Waiting for active requests to complete
2025-12-02T21:16:17.117+03:00  INFO 9520 --- [spring-boot-kotlin-STT] [tomcat-shutdown] o.s.b.w.e.tomcat.GracefulShutdown        : Graceful shutdown complete
2025-12-02T21:16:17.119+03:00  INFO 9520 --- [spring-boot-kotlin-STT] [SpringApplicationShutdownHook] j.LocalContainerEntityManagerFactoryBean : Closing JPA EntityManagerFactory for persistence unit 'default'
2025-12-02T21:16:17.120+03:00  INFO 9520 --- [spring-boot-kotlin-STT] [SpringApplicationShutdownHook] com.zaxxer.hikari.HikariDataSource       : HikariPool-1 - Shutdown initiated...
2025-12-02T21:16:17.927+03:00  INFO 9520 --- [spring-boot-kotlin-STT] [SpringApplicationShutdownHook] com.zaxxer.hikari.HikariDataSource       : HikariPool-1 - Shutdown completed.
